2021-8
						-28 8
						:20:21
where.values is not iterable
						
==========================================
2021-8
						-28 8
						:21:22
where.values is not iterable
						
==========================================
2021-8
						-28 8
						:35:28
where.values is not iterable
						
==========================================
2021-8
						-28 8
						:35:58
where.values is not iterable
						
==========================================
2021-8
						-28 8
						:36:39
where.values is not iterable
						
==========================================
2021-8
						-28 8
						:37:38
where.values is not iterable
						
==========================================
2021-8
						-28 8
						:38:3
where.values is not iterable
						
==========================================
2021-8
						-28 8
						:38:59
where.values is not iterable
						
==========================================
2021-8
						-28 8
						:39:28
where.values is not iterable
						
==========================================
2021-8
						-28 8
						:40:15
where.values is not iterable
						
==========================================
2021-8
						-28 8
						:41:2
where.values is not iterable
						
==========================================
2021-8
						-28 8
						:43:6
where.values is not iterable
						
==========================================
2021-8
						-28 8
						:43:46
Cannot read property 'join' of null
						
==========================================
2021-8
						-28 8
						:44:19
where.values is not iterable
						
==========================================
2021-8
						-28 9
						:6:17
data and hash arguments required
						
==========================================
2021-8
						-28 9
						:10:10
Cannot read property '0' of undefined
						
==========================================
2021-8
						-28 9
						:31:52
Cannot read property '0' of undefined
						
==========================================
